[www.indigenousoutsiders.com/index.html]
[assets.squarespace.com/universal/styles-compressed/slide-normalize-f3e05d707a08546a77c65-min.en-US.css]
[backblue.gif]
[fade.gif]
[index.html]
[images.squarespace-cdn.com/content/590b8551d2b857ec8b6a8fe6/1518694381243-6EHGZOITKBRCTWOPAYQI/WoodenMosquesLogo15d45.png]
[assets.squarespace.com/@sqs/polyfiller/1.6/legacy.js]
[use.typekit.net/ik/3KNSBhmDHC2-jwRT5FdZ0G317iLmjnN793Oo9NOa8gCfelCff4e6pUJ6wRMU5QwXFmvu5QgK529uwAbkjR6uFhmR5eJhjQycZQj-G3I7O1wl-eBkSc8Dj14ydcsXSkoDSWmyScmDSeBRZPoRdhXC-Aoq]
[assets.squarespace.com/universal/scripts-compressed/extract-css-runtime-069e2954daea8a620b50-min.en-US.js]
[assets.squarespace.com/universal/scripts-compressed/cldr-resource-pack-32136deb9638cc6130b2-min.en-US.js]
[assets.squarespace.com/@sqs/polyfiller/1.6/modern.js]
[assets.squarespace.com/universal/scripts-compressed/common-vendors-stable-61293f01d648eef165fc-min.en-US.js]
[assets.squarespace.com/universal/scripts-compressed/extract-css-moment-js-vendor-6c569122bfa66a51a056-min.en-US.js]
[assets.squarespace.com/universal/styles-compressed/slides-1fda937e02e1f57cd4c0-min.en-US.css]
[assets.squarespace.com/universal/scripts-compressed/performance-d9f618c1beaea97b6499-min.en-US.js]
[www.indigenousoutsiders.com/home.html]
[www.indigenousoutsiders.com/home-georgian.html]
[www.indigenousoutsiders.com/index.html]
[assets.squarespace.com/universal/styles-compressed/slide-normalize-f3e05d707a08546a77c65-min.en-US.css]
[assets.squarespace.com/universal/scripts-compressed/common-vendors-be0091dc488b10891ed6-min.en-US.js]
[assets.squarespace.com/universal/scripts-compressed/slides-72c627c9bad605b90c75-min.en-US.js]
[assets.squarespace.com/universal/scripts-compressed/common-2d1a2dc371a8de03ebe4-min.en-US.js]
[assets.squarespace.com/universal/styles-compressed/slides-1fda937e02e1f57cd4c0-min.en-US.css]
[use.typekit.net/ik/B1PyUV-CxTUxB6Ofm7KkBSBqGbIjgMtWKLJJTcXG5LCfezMgfFHN4UJLFRbh52jhWD9oweJtFQ9UZ24K529aZAwtjRZy5eZ8Fy7RMPG0SkuGjW4k-WFKScB0ZYsDO1FUiABkZWF3jAF8OcFzdPUTdcsT]
[static1.squarespace.com/static/sitecss/590b8551d2b857ec8b6a8fe6/68/50521cf884aeb45fa5cfdb80/590b8551d2b857ec8b6a8fec/960/site.css]
[static1.squarespace.com/static/ta/5052176b84aeb45fa5cfcc83/960/scripts/site-bundle.js]
[www.indigenousoutsiders.com/about.html]
[www.indigenousoutsiders.com/locations.html]
[www.indigenousoutsiders.com/exhibition.html]
[www.indigenousoutsiders.com/news.html]
[www.indigenousoutsiders.com/contact.html]
[www.indigenousoutsiders.com/about-georgian.html]
[www.indigenousoutsiders.com/082688748967.html]
[www.indigenousoutsiders.com/exhibition-and-catalogue.html]
[www.indigenousoutsiders.com/news-georgian.html]
[www.indigenousoutsiders.com/574427493933.html]
[images.squarespace-cdn.com/content/v1/590b8551d2b857ec8b6a8fe6/1518694381243-6EHGZOITKBRCTWOPAYQI/WoodenMosquesLogo126f7.png]
[www.indigenousoutsiders.com/akho.html]
[images.squarespace-cdn.com/content/v1/590b8551d2b857ec8b6a8fe6/1518016300304-F6U9HARDDKP4T3GJJL0V/AKHO_Exterior.jpg]
[www.indigenousoutsiders.com/beghleti.html]
[images.squarespace-cdn.com/content/v1/590b8551d2b857ec8b6a8fe6/1518016307885-6UZ3HE9T1W0P3PADVX2B/BEGHLETI_CUSTOM_Photo.jpg]
[images.squarespace-cdn.com/content/v1/590b8551d2b857ec8b6a8fe6/1518016317868-S2RI36TYG0SC6S8HO6V6/BEGHLETI_Exterior+copy.jpg]
[www.indigenousoutsiders.com/chao.html]
[images.squarespace-cdn.com/content/v1/590b8551d2b857ec8b6a8fe6/1518016358111-AYCAZ7XS3WIB5UADZOYR/CHAO_A0_Photo.jpg]
[www.indigenousoutsiders.com/chvana.html]
[images.squarespace-cdn.com/content/v1/590b8551d2b857ec8b6a8fe6/1518016328167-CNL8TGVJC5521RQDB7ZG/CHVANA_+DSC_0505.jpg]
[www.indigenousoutsiders.com/dghvani.html]
[images.squarespace-cdn.com/content/v1/590b8551d2b857ec8b6a8fe6/1518016341288-3FNTCKKE7979AOVA1NHU/DGHVANI_+DSC_0185.jpg]
[images.squarespace-cdn.com/content/v1/590b8551d2b857ec8b6a8fe6/1518016366074-LG9QBGPB1QLK00RRSSIY/DGHVANI_A2-1.jpg]
[images.squarespace-cdn.com/content/v1/590b8551d2b857ec8b6a8fe6/1518016369420-B617ACDX77GINJS8TQEJ/DSC_9932.jpg]
[images.squarespace-cdn.com/content/v1/590b8551d2b857ec8b6a8fe6/1518016376800-0WGH2AS36VZJ9A1227P2/GEGELIDZEEBI_+DSC_0577.jpg]
[www.indigenousoutsiders.com/ghorjomi.html]
[images.squarespace-cdn.com/content/v1/590b8551d2b857ec8b6a8fe6/1518016376005-GXGQVU6BC80G5AQQ8C5O/GHORJOMI_+DSC_0846.jpg]
[images.squarespace-cdn.com/content/v1/590b8551d2b857ec8b6a8fe6/1518016426656-GPJX7HMWNAO9MR7OTP44/GHORJOMI_2.jpg]
[images.squarespace-cdn.com/content/v1/590b8551d2b857ec8b6a8fe6/1518016416898-IEYJ4QXF5ONIIIS9TROA/GOGINAURI_+IMG_0534.jpg]
[images.squarespace-cdn.com/content/v1/590b8551d2b857ec8b6a8fe6/1518016435601-WN6UDM53JDDIQPJ0YRC8/KHIKHADZIRI_+DSC_9957.jpg]
[images.squarespace-cdn.com/content/v1/590b8551d2b857ec8b6a8fe6/1518016435383-252VHY9L446JU85WL0HC/KHULO_+DSC_9878.jpg]
[www.indigenousoutsiders.com/kvirike.html]
[images.squarespace-cdn.com/content/v1/590b8551d2b857ec8b6a8fe6/1518016449056-6UPCR1V5UOKGBQKV0K2Q/KVIRIKE_Exterior.jpg]
[images.squarespace-cdn.com/content/v1/590b8551d2b857ec8b6a8fe6/1518016448290-3B7XOH3X46H903U7QAY6/MAKHALAKIDZEEBI_+DSC_0423.jpg]
[www.indigenousoutsiders.com/pirveli-maisi.html]
[images.squarespace-cdn.com/content/v1/590b8551d2b857ec8b6a8fe6/1518016520887-1FIEDRSY7MREHGBTGN4M/PIRVELI+MAISI_A0.jpg]
[images.squarespace-cdn.com/content/v1/590b8551d2b857ec8b6a8fe6/1518016466158-DBLFIQR23IPRYF563YOP/PIRVELI+MAISI_Exterior.jpg]
[www.indigenousoutsiders.com/purtio.html]
[images.squarespace-cdn.com/content/v1/590b8551d2b857ec8b6a8fe6/1518016547006-NVXDZ93BM67HJ4GH415H/PURTIO_A0.jpg]
[images.squarespace-cdn.com/content/v1/590b8551d2b857ec8b6a8fe6/1518016535128-3GVZE6H38NB4RX6FI0CY/Purtio_Exterior.jpg]
[images.squarespace-cdn.com/content/v1/590b8551d2b857ec8b6a8fe6/1518016552915-VFCDMMEWOTA26RSAXXRD/ZEDA+TKHLVANA_+DSC_0062.jpg]
[www.indigenousoutsiders.com/zundaga.html]
[images.squarespace-cdn.com/content/v1/590b8551d2b857ec8b6a8fe6/1518016599740-7OXKTPGO2ACYFTIABHYW/ZUNDAGI_+A0.jpg]
[images.squarespace-cdn.com/content/v1/590b8551d2b857ec8b6a8fe6/1518016570808-6F8SVX1ZSON559UJO6XH/ZUNDAGI_Exterior.jpg]
[www.indigenousoutsiders.com/home.html]
[www.indigenousoutsiders.com/home-georgian.html]
[www.indigenousoutsiders.com/universal/svg/social-accounts.svg]
[assets.squarespace.com/universal/images-v6/damask/error-dark.png]
[assets.squarespace.com/universal/images-v6/damask/error-dark@2x.png]
[assets.squarespace.com/universal/images-v6/damask/play-button.png]
[assets.squarespace.com/universal/images-v6/damask/play-button@2x.png]
[assets.squarespace.com/universal/images-v6/damask/edit-aviary-light.png]
[assets.squarespace.com/universal/images-v6/damask/edit-aviary-light@2x.png]
[assets.squarespace.com/universal/images-v6/damask/edit-info-light.png]
[assets.squarespace.com/universal/images-v6/damask/edit-info-light@2x.png]
[assets.squarespace.com/universal/images-v6/damask/trash-9-light.png]
[assets.squarespace.com/universal/images-v6/damask/trash-9-light@2x.png]
[assets.squarespace.com/universal/images-v6/damask/trash-9-red.png]
[assets.squarespace.com/universal/images-v6/damask/trash-9-red@2x.png]
[assets.squarespace.com/universal/images-v6/damask/getty-16-light.png]
[assets.squarespace.com/universal/images-v6/damask/getty-32-light.png]
[assets.squarespace.com/universal/images-v6/damask/shopping-cart-16-light.png]
[assets.squarespace.com/universal/images-v6/damask/shopping-cart-32-light.png]
[assets.squarespace.com/universal/images-v6/icons/block-indicator-dark.png]
[assets.squarespace.com/universal/images-v6/icons/block-indicator-dark@2x.png]
[assets.squarespace.com/universal/images-v6/icons/opentable-icons.png]
[assets.squarespace.com/universal/images-v6/icons/icon-searchqueries-20-dark.png]
[assets.squarespace.com/universal/images-v6/icons/icon-searchqueries-20-light.png]
[assets.squarespace.com/universal/images-v6/icons/icon-video-24-light-solid.png]
[assets.squarespace.com/universal/images-v6/damask/image-inside-64-dark.png]
[assets.squarespace.com/universal/images-v6/damask/image-inside-128-dark.png]
[assets.squarespace.com/universal/images-v6/standard/icon_close_7_light.png]
[assets.squarespace.com/universal/images-v6/icons/icon-settings-16-light.png]
[static1.squarespace.com/static/sitecss/590b8551d2b857ec8b6a8fe6/68/50521cf884aeb45fa5cfdb80/590b8551d2b857ec8b6a8fec/960/site.css]
[images.squarespace-cdn.com/content/v1/590b8551d2b857ec8b6a8fe6/1516110398133-7R4FABQT1MQGC7QO92JT/osgf+logo.png]
[images.squarespace-cdn.com/content/v1/590b8551d2b857ec8b6a8fe6/1496815111607-U0IAABMFISR699BKZAZO/image-asset.png]
[www.indigenousoutsiders.com/about.html]
[www.indigenousoutsiders.com/agara.html]
[images.squarespace-cdn.com/content/v1/590b8551d2b857ec8b6a8fe6/1528712840328-S78FTCCG13D7NKG9SVWR/DSC_0975.jpg]
[images.squarespace-cdn.com/content/v1/590b8551d2b857ec8b6a8fe6/1501407944499-F8HYBIEOAT6VVQU8VYKS/AKHO_Exterior+SM.jpg]
[images.squarespace-cdn.com/content/v1/590b8551d2b857ec8b6a8fe6/1501408099490-ADYEVN98BAWH8H32HWWE/BEGHLETI_Exterior+copy.jpg]
[www.indigenousoutsiders.com/bzubzu.html]
[images.squarespace-cdn.com/content/v1/590b8551d2b857ec8b6a8fe6/1528712960474-IZWYICBD9TPVEUQ0KPS2/DSC_1331.jpg]
[images.squarespace-cdn.com/content/v1/590b8551d2b857ec8b6a8fe6/1501408232199-GG4M379XZ18UON9P4XPH/IMG_9649.jpg]
[images.squarespace-cdn.com/content/v1/590b8551d2b857ec8b6a8fe6/1501408274616-6K4U89AOV0V1WJ1QNV3P/CHVANA_+DSC_0505.jpg]
[images.squarespace-cdn.com/content/v1/590b8551d2b857ec8b6a8fe6/1501408414448-2N25V5KAGR4MABSKVGVI/DGHVANI+Exterior.jpg]
[www.indigenousoutsiders.com/gegelidzeebi.html]
[images.squarespace-cdn.com/content/v1/590b8551d2b857ec8b6a8fe6/1528713023995-S3RCTD1A2QZLESDH1EAF/IMG_0951.jpg]
[images.squarespace-cdn.com/content/v1/590b8551d2b857ec8b6a8fe6/1501408611548-E8N3SQJUBE5L6M3V1XL8/GHORJOMI_Exterior.jpg]
[www.indigenousoutsiders.com/goginauri.html]
[images.squarespace-cdn.com/content/v1/590b8551d2b857ec8b6a8fe6/1528713117000-FSD2MBPK5NSP9GLF6A4Q/IMG_0454.jpg]
[images.squarespace-cdn.com/content/v1/590b8551d2b857ec8b6a8fe6/1528713217500-EIL0W5O3AVBZYKB0L97T/Khokhna_Exterior.jpg]
[www.indigenousoutsiders.com/kokhna.html]
[images.squarespace-cdn.com/content/v1/590b8551d2b857ec8b6a8fe6/1501409799121-XK2WZ44C9U0DTE62DLK9/KVIRIKE_Exterior.jpg]
[www.indigenousoutsiders.com/makhalakidzeebi.html]
[images.squarespace-cdn.com/content/v1/590b8551d2b857ec8b6a8fe6/1528713302423-USYUX16MD5TKFYVZRG1U/DSC_0424.jpg]
[images.squarespace-cdn.com/content/v1/590b8551d2b857ec8b6a8fe6/1501410166452-U50VVG052RF6BPMM73XC/PIRVELI+MAISI_Exterior.jpg]
[images.squarespace-cdn.com/content/v1/590b8551d2b857ec8b6a8fe6/1501410265229-I0D6YIIRHCUBEM64R2YH/Purtio_Exterior.jpg]
[www.indigenousoutsiders.com/tago.html]
[images.squarespace-cdn.com/content/v1/590b8551d2b857ec8b6a8fe6/1528713347747-KMFSZUOHGV6O1CIEGFIC/Tago+exterior.jpg]
[www.indigenousoutsiders.com/tskhmorisi.html]
[images.squarespace-cdn.com/content/v1/590b8551d2b857ec8b6a8fe6/1528713403530-7CYUU2BGJMF6Y6T3OV4O/IMG_1191.jpg]
[www.indigenousoutsiders.com/uchheti.html]
[images.squarespace-cdn.com/content/v1/590b8551d2b857ec8b6a8fe6/1528713487176-3KR7ODMRZ06MZ48746UK/Uckhiti_Exterior.jpg]
[www.indigenousoutsiders.com/zeda-tkhilvana.html]
[images.squarespace-cdn.com/content/v1/590b8551d2b857ec8b6a8fe6/1528713540266-3LFIJK2DRIMZR7448CHE/Zeda_Exterior.jpg]
[images.squarespace-cdn.com/content/v1/590b8551d2b857ec8b6a8fe6/1501411215729-A46XSXZJ4K7BYW4Y35ZZ/ZUNDAGI_Exterior.jpg]
[www.indigenousoutsiders.com/locations.html]
[images.squarespace-cdn.com/content/v1/590b8551d2b857ec8b6a8fe6/1531465904746-44ZWK099KBN3XMWAGV0P/IMG_9556.jpg]
[images.squarespace-cdn.com/content/v1/590b8551d2b857ec8b6a8fe6/1531475251808-GP0HIPD8ECB3AIVHRS14/book+picture+1.jpg]
[images.squarespace-cdn.com/content/v1/590b8551d2b857ec8b6a8fe6/1531471572601-WNDY9UJH26SQDMN6AFIA/EXHIBITION+TEXT_sm.jpg]
[images.squarespace-cdn.com/content/v1/590b8551d2b857ec8b6a8fe6/1531471749547-W7W2DBME4EAZJDCWHS89/Beghleti_Panel_sm1.jpg]
[images.squarespace-cdn.com/content/v1/590b8551d2b857ec8b6a8fe6/1531471929574-2OTEZ3MZ1U8OD445WTZS/Chao_Panel_sm1.jpg]
[images.squarespace-cdn.com/content/v1/590b8551d2b857ec8b6a8fe6/1531472113366-2MIGTSDRV3C1X4L1KFT2/Dghvani_Panel_sm1.jpg]
[images.squarespace-cdn.com/content/v1/590b8551d2b857ec8b6a8fe6/1531473212664-SY7H9YIFCV2DMSVP2E52/Ghorjomi_Panel_sm1.jpg]
[images.squarespace-cdn.com/content/v1/590b8551d2b857ec8b6a8fe6/1531473437233-UXJIPY5JEI9ZZJBLBAEW/Khokhna_Panel_sm1.jpg]
[images.squarespace-cdn.com/content/v1/590b8551d2b857ec8b6a8fe6/1531473772891-47FYGRGER6Y1SPG9FPZN/Pirveli+Maisi_Panel_sm1.jpg]
[images.squarespace-cdn.com/content/v1/590b8551d2b857ec8b6a8fe6/1531474007716-ZSC98GKIC7WKIMH86E9A/image-asset.jpg]
[images.squarespace-cdn.com/content/v1/590b8551d2b857ec8b6a8fe6/1531471630759-DWTLP71E3Y46SZDHZ64Y/Agara_Panel+1_sm.jpg]
[images.squarespace-cdn.com/content/v1/590b8551d2b857ec8b6a8fe6/1531471792647-0ZS1OXV4HGHJA6YXV2KP/Beghleti_Panel_sm2.jpg]
[images.squarespace-cdn.com/content/v1/590b8551d2b857ec8b6a8fe6/1531471973062-3ZFZKM8GA4180FYS2UU6/Chao_Panel_sm2.jpg]
[images.squarespace-cdn.com/content/v1/590b8551d2b857ec8b6a8fe6/1531473081580-X2HP0O232CPSNFG9R3UN/Dghvani_Panel_sm2.jpg]
[images.squarespace-cdn.com/content/v1/590b8551d2b857ec8b6a8fe6/1531473284334-7WK9PE2TR4NIZM7BBNFH/Ghorjomi_Panel_sm2.jpg]
[images.squarespace-cdn.com/content/v1/590b8551d2b857ec8b6a8fe6/1531473506469-GZWANLP997EY9FL7X4W1/image-asset.jpg]
[images.squarespace-cdn.com/content/v1/590b8551d2b857ec8b6a8fe6/1531473825524-OUNQET9A7ZAELBYQMQSI/Pirveli+Maisi_Panel+sm2.jpg]
[images.squarespace-cdn.com/content/v1/590b8551d2b857ec8b6a8fe6/1531474061930-FY06Q1GU23WFZZ1J8075/image-asset.jpg]
[images.squarespace-cdn.com/content/v1/590b8551d2b857ec8b6a8fe6/1531471687439-RBH0PDFEPC4QYCCSID7J/Akho_Panel+1_sm.jpg]
[images.squarespace-cdn.com/content/v1/590b8551d2b857ec8b6a8fe6/1531471874442-9J3I2TK03A8E1J7FD2IG/BzuBzu_Panel_sm.jpg]
[images.squarespace-cdn.com/content/v1/590b8551d2b857ec8b6a8fe6/1531472036196-L0ROHIQF601PFS8U402L/Chvana_Panel_sm1.jpg]
[images.squarespace-cdn.com/content/v1/590b8551d2b857ec8b6a8fe6/1531473147833-L8VK5ZEI5ADWN82BEPFX/Gegelidzeebi_Panel+sm1.jpg]
[images.squarespace-cdn.com/content/v1/590b8551d2b857ec8b6a8fe6/1531473348674-Q15J3386IJBPI3A3UNIR/Goginauri_Panel_sm1.jpg]
[images.squarespace-cdn.com/content/v1/590b8551d2b857ec8b6a8fe6/1531473709246-8AXSK8RWKK6R7D5QD2VQ/Makhalakidzeebi_Panel_sm1.jpg]
[images.squarespace-cdn.com/content/v1/590b8551d2b857ec8b6a8fe6/1531473895157-DD4Y35CSX2T47J44VWUC/Purtio_Panel+sm1.jpg]
[360player.io/static/dist/scripts/embed.js]
[www.indigenousoutsiders.com/exhibition.html]
[images.squarespace-cdn.com/content/v1/590b8551d2b857ec8b6a8fe6/1528716186229-5TTJU7JCGSJ18Y90SDBY/EAHN+2.jpg]
[images.squarespace-cdn.com/content/v1/590b8551d2b857ec8b6a8fe6/1528716142455-N7AHHTDNLDAEVCGX92U8/EAHN+Conference.jpg]
[images.squarespace-cdn.com/content/v1/590b8551d2b857ec8b6a8fe6/1528439844997-L0ZL7ZGK2LKU9LRMR2M1/Mashallah+News.jpg]
[images.squarespace-cdn.com/content/v1/590b8551d2b857ec8b6a8fe6/1525956618111-9MACQSINDACSAQGO71NI/DSC_8587.jpg]
[images.squarespace-cdn.com/content/v1/590b8551d2b857ec8b6a8fe6/1525956552977-D2D8OA2A3VE6YJXVJS7R/DSC_8614sm.jpg]
[images.squarespace-cdn.com/content/v1/590b8551d2b857ec8b6a8fe6/1525956272488-EI35IOHN5PAKKQSM3KZH/IMG_0491sm.jpg]
[images.squarespace-cdn.com/content/v1/590b8551d2b857ec8b6a8fe6/1525955109157-JTTRM6NKDKSSUBQTH6NP/IMG_1051.jpg]
[images.squarespace-cdn.com/content/v1/590b8551d2b857ec8b6a8fe6/1525951354639-T50WMLZLGAA5ZDQLXPW2/IMG_0955.jpg]
[images.squarespace-cdn.com/content/v1/590b8551d2b857ec8b6a8fe6/1522677486786-II0FYG23PT4CQ1P87JMA/Wooden+Mosques+Poster_Eng.jpg]
[images.squarespace-cdn.com/content/v1/590b8551d2b857ec8b6a8fe6/1522677510200-2BBTLYG99JT5VIS0993O/Wooden+Mosques+Poster_Geo.jpg]
[images.squarespace-cdn.com/content/v1/590b8551d2b857ec8b6a8fe6/1518012044356-XIB0CX4ZVOI9VICSWEAC/A3+Poster_+Batumi+2018+copy.jpg]
[images.squarespace-cdn.com/content/v1/590b8551d2b857ec8b6a8fe6/1518013795701-D87NTDIYY56TJGPE2YDW/image3.jpg]
[images.squarespace-cdn.com/content/v1/590b8551d2b857ec8b6a8fe6/1518013838841-3M671A1F3JEZ8YN14JA8/image1.jpg]
[images.squarespace-cdn.com/content/v1/590b8551d2b857ec8b6a8fe6/1518013873242-7EXRQFIDA4TOP8SGQBLC/image2.jpg]
[images.squarespace-cdn.com/content/v1/590b8551d2b857ec8b6a8fe6/1518013920109-WEIW769M90WTXQLF73G4/DSC_3522.jpg]
[images.squarespace-cdn.com/content/v1/590b8551d2b857ec8b6a8fe6/1518013588748-ZHXIPAQ524G50R4P67UL/26757777_1729746760378682_3574053970952404445_o.jpg]
[images.squarespace-cdn.com/content/v1/590b8551d2b857ec8b6a8fe6/1518013608578-IJCRLB6UZ6WOJHHQSGML/26850548_1729746803712011_4688471880015919531_o.jpg]
[images.squarespace-cdn.com/content/v1/590b8551d2b857ec8b6a8fe6/1518013633533-0W0ADVFVY4U200XKFHTR/26910142_1729746720378686_6181412445880012425_o+(1).jpg]
[images.squarespace-cdn.com/content/v1/590b8551d2b857ec8b6a8fe6/1505130455746-FC2ZJWEXDN47YTH05UFC/odessa+batumi+photo+days.jpg]
[images.squarespace-cdn.com/content/v1/590b8551d2b857ec8b6a8fe6/1518012744952-84DI1Y84WCEIEXJ5HQ6U/HISTORY_DESCRIPTION+2-3m+BANNER+v2.jpg]
[images.squarespace-cdn.com/content/v1/590b8551d2b857ec8b6a8fe6/1501413806975-OOMBXW3GZTARHSAXKEZK/image-asset.jpg]
[images.squarespace-cdn.com/content/v1/590b8551d2b857ec8b6a8fe6/1501413005968-ZS5UDLM86DR574JPKY27/IMG_0090.jpg]
[www.indigenousoutsiders.com/news.html]
[images.squarespace-cdn.com/content/v1/590b8551d2b857ec8b6a8fe6/1501412071814-8ANINWK3C6AJ0F9GBICG/image-asset.jpg]
[www.indigenousoutsiders.com/contact.html]
[www.indigenousoutsiders.com/about-georgian.html]
[www.indigenousoutsiders.com/-agara.html]
[images.squarespace-cdn.com/content/v1/590b8551d2b857ec8b6a8fe6/1528713838907-AKCGLC4QSMBLPCO9V6DT/DSC_0975.jpg]
[www.indigenousoutsiders.com/-akho.html]
[images.squarespace-cdn.com/content/v1/590b8551d2b857ec8b6a8fe6/1518437180079-GNEO6RVSQ6RRGRWNZA0P/AKHO_Exterior.jpg]
[www.indigenousoutsiders.com/beghleti-1.html]
[images.squarespace-cdn.com/content/v1/590b8551d2b857ec8b6a8fe6/1518437185459-OTQXAQKL1ZLYIWO8GW41/BEGHLETI_Exterior+copy.jpg]
[www.indigenousoutsiders.com/bzubzu-1.html]
[images.squarespace-cdn.com/content/v1/590b8551d2b857ec8b6a8fe6/1528713854254-933PE6M19F7T88V9NLIU/DSC_1331.jpg]
[www.indigenousoutsiders.com/-chao.html]
[images.squarespace-cdn.com/content/v1/590b8551d2b857ec8b6a8fe6/1518437220343-EWD7FRKD90283OAOA2CP/CHAO_+IMG_9649.jpg]
[www.indigenousoutsiders.com/-chvana.html]
[images.squarespace-cdn.com/content/v1/590b8551d2b857ec8b6a8fe6/1528715037506-USKH62UWMFARLY1TN6I6/CHVANA_Exterior.jpg]
[www.indigenousoutsiders.com/-dghvani.html]
[images.squarespace-cdn.com/content/v1/590b8551d2b857ec8b6a8fe6/1518437207266-Q9AA39ENQM3STSTIT47T/DGHVANI_+DSC_0185.jpg]
[www.indigenousoutsiders.com/-gegelidzeebi.html]
[images.squarespace-cdn.com/content/v1/590b8551d2b857ec8b6a8fe6/1528713869215-5LIE4264J5LQ3MS4VJBL/IMG_0951.jpg]
[www.indigenousoutsiders.com/-ghorjomi.html]
[images.squarespace-cdn.com/content/v1/590b8551d2b857ec8b6a8fe6/1518437213261-TD1S4JFI7SHO7OYQC29X/GHORJOMI_+DSC_0846.jpg]
[www.indigenousoutsiders.com/-goginauri.html]
[images.squarespace-cdn.com/content/v1/590b8551d2b857ec8b6a8fe6/1528713883919-G19JX42N8BCCSVVWBDBO/IMG_0454.jpg]
[www.indigenousoutsiders.com/khokhna.html]
[images.squarespace-cdn.com/content/v1/590b8551d2b857ec8b6a8fe6/1528713895669-Q7KOCXM999SOYFIO2I0W/Khokhna_Exterior.jpg]
[www.indigenousoutsiders.com/-kvirike.html]
[images.squarespace-cdn.com/content/v1/590b8551d2b857ec8b6a8fe6/1518437226100-OBUMF01HWRGYJ66WHYOO/KVIRIKE_Exterior.jpg]
[www.indigenousoutsiders.com/makhalakidzeebi-1.html]
[images.squarespace-cdn.com/content/v1/590b8551d2b857ec8b6a8fe6/1528714032388-VWYI2G5RRIOMUKB4YWGI/DSC_0424.jpg]
[www.indigenousoutsiders.com/-pirveli-maisi.html]
[images.squarespace-cdn.com/content/v1/590b8551d2b857ec8b6a8fe6/1518437242024-YQQ78SY4GTFPJDPHYVT5/PIRVELI+MAISI_Exterior.jpg]
[www.indigenousoutsiders.com/purtio-1.html]
[images.squarespace-cdn.com/content/v1/590b8551d2b857ec8b6a8fe6/1518437231156-DHMF13GZ6M6558AAYNRE/PHURTIO_+DSC_0096.jpg]
[www.indigenousoutsiders.com/tago-1.html]
[images.squarespace-cdn.com/content/v1/590b8551d2b857ec8b6a8fe6/1528714046582-K2SE8Y6VHM3ETULVZ0EW/Tago+exterior.jpg]
[www.indigenousoutsiders.com/tskhmorisi-1.html]
[images.squarespace-cdn.com/content/v1/590b8551d2b857ec8b6a8fe6/1528714058092-EPDTBOSKPKZ879VHEMUB/IMG_1191.jpg]
[www.indigenousoutsiders.com/uchheti-1.html]
[images.squarespace-cdn.com/content/v1/590b8551d2b857ec8b6a8fe6/1528714081698-DL1ZXJXDSRVSK5RNDSZN/Uckhiti_Exterior.jpg]
[www.indigenousoutsiders.com/zeda-tkhilvana-1.html]
[images.squarespace-cdn.com/content/v1/590b8551d2b857ec8b6a8fe6/1528714094899-NFFS4GMNXECLL5SUYFFS/Zeda_Exterior.jpg]
[www.indigenousoutsiders.com/-zundagi.html]
[images.squarespace-cdn.com/content/v1/590b8551d2b857ec8b6a8fe6/1518437245267-QA60PSTUJ0GHR7OAQHB6/ZUNDAGI_Exterior.jpg]
[www.indigenousoutsiders.com/082688748967.html]
[www.indigenousoutsiders.com/exhibition-and-catalogue.html]
[images.squarespace-cdn.com/content/v1/590b8551d2b857ec8b6a8fe6/1528716650142-EWKOYHZNM0EVH1OW8BSH/EAHN+2.jpg]
[images.squarespace-cdn.com/content/v1/590b8551d2b857ec8b6a8fe6/1528716592472-C9QJ83409WIE941CD553/EAHN+Conference.jpg]
[images.squarespace-cdn.com/content/v1/590b8551d2b857ec8b6a8fe6/1528439985005-UUWBJEG0IIC4FM7J15T3/Mashallah+News.jpg]
[images.squarespace-cdn.com/content/v1/590b8551d2b857ec8b6a8fe6/1525961550819-0H3WF6QXDGK5DLG9S4E8/DSC_8587.jpg]
[images.squarespace-cdn.com/content/v1/590b8551d2b857ec8b6a8fe6/1525961456055-3AXAFEOEZVAPHF6JKWHW/DSC_8614sm.jpg]
[images.squarespace-cdn.com/content/v1/590b8551d2b857ec8b6a8fe6/1525959954220-MGK1A14CWY429N3VJBX4/IMG_0491sm.jpg]
[images.squarespace-cdn.com/content/v1/590b8551d2b857ec8b6a8fe6/1525959343415-3QFRDGV41AMZEDJ3M0T1/IMG_1051sm.jpg]
[images.squarespace-cdn.com/content/v1/590b8551d2b857ec8b6a8fe6/1525956834478-N20W073L0KI5T6AV1MBR/IMG_0956.jpg]
[images.squarespace-cdn.com/content/v1/590b8551d2b857ec8b6a8fe6/1523955804211-0ULOZ7WHF5WXZOW8GZJR/Wooden+Mosques+Poster_Geo.jpg]
[www.indigenousoutsiders.com/news-georgian.html]
[www.indigenousoutsiders.com/574427493933.html]
[www.indigenousoutsiders.com/contact-us-form.html]
[images.squarespace-cdn.com/content/v1/590b8551d2b857ec8b6a8fe6/1528220254175-4Y73RR9J8QJ5KNJM8OBG/AKHO_Floorplans+1-200-1.jpg]
[images.squarespace-cdn.com/content/v1/590b8551d2b857ec8b6a8fe6/1517986140409-OLOWHX7FJAF3IZB03KT6/AKHO_Exterior.jpg]
[images.squarespace-cdn.com/content/v1/590b8551d2b857ec8b6a8fe6/1517986908535-2QZRY0WMNSUQEVBF2HQY/AKHO_A1_Door.jpg]
[images.squarespace-cdn.com/content/v1/590b8551d2b857ec8b6a8fe6/1528222346433-D64VEKQNBU8Y7ICG0R98/AKHO_+Door+Model+copy.jpg]
[images.squarespace-cdn.com/content/v1/590b8551d2b857ec8b6a8fe6/1528222378047-5ZRXW7SID0RYNCD14C7Z/AKHO_Floorplans+1-200+copy.jpg]
[images.squarespace-cdn.com/content/v1/590b8551d2b857ec8b6a8fe6/1528222408591-9QBUW9W9FAKPKQWLINL8/AKHO_+MINBAR+MODEL+2+copy.jpg]
[images.squarespace-cdn.com/content/v1/590b8551d2b857ec8b6a8fe6/1528222424703-6WZR1YTZPVH0C1769WPC/AKHO_+MINBAR+MODEL+copy.jpg]
[images.squarespace-cdn.com/content/v1/590b8551d2b857ec8b6a8fe6/1517987125771-0I9PF9ONBBEDICPDEQ0O/DSC_0375.jpg]
[www.indigenousoutsiders.com/akho.html]
[images.squarespace-cdn.com/content/v1/590b8551d2b857ec8b6a8fe6/1528477495276-T85NQRD4I0NLB9SJSGXX/BEGHLETI_Site+plan+1-200.jpg]
[images.squarespace-cdn.com/content/v1/590b8551d2b857ec8b6a8fe6/1517989737331-X8CS1RQYMBVUX12QUF90/BEGHLETI_Exterior+copy.jpg]
[images.squarespace-cdn.com/content/v1/590b8551d2b857ec8b6a8fe6/1517989779561-G6CIDO6TO5FLQBOCEQEQ/BEGHLETI_CUSTOM_Photo.jpg]
[images.squarespace-cdn.com/content/v1/590b8551d2b857ec8b6a8fe6/1517990034034-67EQMG4DIRN0CANYF99O/BEGHLETI_Exterior+A1.jpg]
[images.squarespace-cdn.com/content/v1/590b8551d2b857ec8b6a8fe6/1528477535751-ERCI11S6FKHTLM8TZKRZ/BEGHLETI_Floorplans+1-200+copy.jpg]
[images.squarespace-cdn.com/content/v1/590b8551d2b857ec8b6a8fe6/1528477549035-R8DFQIOXM9V03B6TQ7DX/BEGHLETI_+minaret+comparison.jpg]
[images.squarespace-cdn.com/content/v1/590b8551d2b857ec8b6a8fe6/1528516720704-OUYF099U9NT7FIYY84YX/BEGHLETI+3D+copy.jpg]
[images.squarespace-cdn.com/content/v1/590b8551d2b857ec8b6a8fe6/1517990107636-YQLCRDLSR70S81FD391I/BEGHLETI+1.jpg]
[images.squarespace-cdn.com/content/v1/590b8551d2b857ec8b6a8fe6/1517990141429-72YWXPAF30FFEU6VMYVC/BEGHLETI+2.jpg]
[www.indigenousoutsiders.com/beghleti.html]
[images.squarespace-cdn.com/content/v1/590b8551d2b857ec8b6a8fe6/1528643393162-C7CPGSU1YPI6YK73ZP37/CHAO_Site+Plan.jpg]
[images.squarespace-cdn.com/content/v1/590b8551d2b857ec8b6a8fe6/1517992028583-9JLTM6GGOO3XCZDQBFSM/CHAO_Exterior.jpg]
[images.squarespace-cdn.com/content/v1/590b8551d2b857ec8b6a8fe6/1517992079707-0HTOV0ZCYU8VKYK6YAEM/CHAO_A0_Photo.jpg]
[images.squarespace-cdn.com/content/v1/590b8551d2b857ec8b6a8fe6/1517992145450-7DVL5OKA1MFPLHOKS04Z/DSC_9901.jpg]
[images.squarespace-cdn.com/content/v1/590b8551d2b857ec8b6a8fe6/1528643548052-R03812X8E06FOIDD33IU/CHAO+DOME+MODEL+copy.jpg]
[images.squarespace-cdn.com/content/v1/590b8551d2b857ec8b6a8fe6/1528643562441-ODHEYFN36TG2EINJXR7J/CHAO_Floorplans+1-200+copy.jpg]
[www.indigenousoutsiders.com/chao.html]
[images.squarespace-cdn.com/content/v1/590b8551d2b857ec8b6a8fe6/1528643889292-WU8ZF66JJQD5ZY0ACJZB/CHVANA_Site+Plan.jpg]
[images.squarespace-cdn.com/content/v1/590b8551d2b857ec8b6a8fe6/1517993637344-P20RNOZMBVXUPSMTIZPX/CHVANA_Exterior.jpg]
[images.squarespace-cdn.com/content/v1/590b8551d2b857ec8b6a8fe6/1517993676612-W8A3EA8O3693K6RRURC6/CHVANA+Dome.jpg]
[images.squarespace-cdn.com/content/v1/590b8551d2b857ec8b6a8fe6/1528643913893-XP0QG7RIR339GLZGJR60/CHVANA_Floorplans+1-200+copy.jpg]
[images.squarespace-cdn.com/content/v1/590b8551d2b857ec8b6a8fe6/1517993751306-F7DC2NAGSG1OFOLVE7RQ/CHVANA_DOME_A0.jpg]
[images.squarespace-cdn.com/content/v1/590b8551d2b857ec8b6a8fe6/1517993799647-LAUUN3Y6EPDG09OT1MCO/CHVANA_A3-1.jpg]
[images.squarespace-cdn.com/content/v1/590b8551d2b857ec8b6a8fe6/1517993866236-CX27TX2DL3S5LGPWCV3W/IMG_0765.jpg]
[www.indigenousoutsiders.com/chvana.html]
[images.squarespace-cdn.com/content/v1/590b8551d2b857ec8b6a8fe6/1528223524440-BTJPK437CA5V4TY2YD72/Dghvani+Drone.jpg]
[images.squarespace-cdn.com/content/v1/590b8551d2b857ec8b6a8fe6/1517998653974-B1V30FEUOU6F0X43FWNJ/DGHVANI+Exterior.jpg]
[images.squarespace-cdn.com/content/v1/590b8551d2b857ec8b6a8fe6/1528223753841-IDI3SH3GXCA71G7T3HYB/Dghvani_Floorplans.jpg]
[images.squarespace-cdn.com/content/v1/590b8551d2b857ec8b6a8fe6/1517998733888-WP5Y4GYW8N0BUYHFWWFE/DGHVANI_A2-1.jpg]
[images.squarespace-cdn.com/content/v1/590b8551d2b857ec8b6a8fe6/1517998690440-A0ZSJQ2S1Y63CLKMSLLI/DGHVANI_inter-2.jpg]
[images.squarespace-cdn.com/content/v1/590b8551d2b857ec8b6a8fe6/1517998769964-PKPPOFDVUROH16DUV3NK/DGHVANI_A3_2.jpg]
[images.squarespace-cdn.com/content/v1/590b8551d2b857ec8b6a8fe6/1517998804500-PBXUJKH6ONKQJYF58JHO/DGHVANI_A3_3.jpg]
[images.squarespace-cdn.com/content/v1/590b8551d2b857ec8b6a8fe6/1517998844399-EBPIN9XR9SA7YCE2366W/DGHVANI_A3_4.jpg]
[images.squarespace-cdn.com/content/v1/590b8551d2b857ec8b6a8fe6/1517998876868-W7VI4QCZ0LUY0JSRMCJZ/DGHVANI_A3_1.jpg]
[www.indigenousoutsiders.com/dghvani.html]
[images.squarespace-cdn.com/content/v1/590b8551d2b857ec8b6a8fe6/1528644714932-V93A6FNQRZSOZQPFW4MU/Ghorjomi_Site+Plan.jpg]
[images.squarespace-cdn.com/content/v1/590b8551d2b857ec8b6a8fe6/1528644747457-PULTVUW4TTGCPH33R7XD/Ghorjomi_Ground+Floor+1-200+copy.jpg]
[images.squarespace-cdn.com/content/v1/590b8551d2b857ec8b6a8fe6/1518001459789-24VXSAE4P0BAT9ZPZNDN/GHORJOMI_Exterior.jpg]
[images.squarespace-cdn.com/content/v1/590b8551d2b857ec8b6a8fe6/1518001513984-T0TFUKX0D8DLEJHVEQRG/GHORJOMI_2.jpg]
[images.squarespace-cdn.com/content/v1/590b8551d2b857ec8b6a8fe6/1518001603810-ISAE14MDC0BGGJ21CM6Z/GHORJOMI_Domes.jpg]
[images.squarespace-cdn.com/content/v1/590b8551d2b857ec8b6a8fe6/1528644777402-CM66HQVT0VI0Z9G5KL67/image-asset.jpg]
[images.squarespace-cdn.com/content/v1/590b8551d2b857ec8b6a8fe6/1518001568783-084D0K1RJ3IFAIOLN38O/GHORJOMI_1.jpg]
[images.squarespace-cdn.com/content/v1/590b8551d2b857ec8b6a8fe6/1518001657789-W6VQQ6NTG73PTKI08AIJ/GHORJOMI_dome+2.jpg]
[images.squarespace-cdn.com/content/v1/590b8551d2b857ec8b6a8fe6/1518001703419-XUL96AX8F6LUXWGWXVM1/GHORJOMI_dome+4.jpg]
[images.squarespace-cdn.com/content/v1/590b8551d2b857ec8b6a8fe6/1518001678816-9J352WTZ9JMPQWWQPAVJ/GHORJOMI_dome+3.jpg]
[www.indigenousoutsiders.com/ghorjomi.html]
[images.squarespace-cdn.com/content/v1/590b8551d2b857ec8b6a8fe6/1528645935531-1QDN6IF65I7F4XB446VT/KVIRIKE_Site+Plan.jpg]
[images.squarespace-cdn.com/content/v1/590b8551d2b857ec8b6a8fe6/1518003727070-QBDB96UEJOJED64A1L1C/KVIRIKE_Exterior.jpg]
[images.squarespace-cdn.com/content/v1/590b8551d2b857ec8b6a8fe6/1528646437927-J20Z1PD329ASCGPNW04C/KVIRIKE_Floorplans+1-200+copy.jpg]
[images.squarespace-cdn.com/content/v1/590b8551d2b857ec8b6a8fe6/1518003876945-06UF7C3FJ9F6DUVEJOTT/DSC_9848+copy.jpg]
[images.squarespace-cdn.com/content/v1/590b8551d2b857ec8b6a8fe6/1528646265046-INNZ0Z3CDLCGAI7CFJ4U/KVIRIKE+Columns+copy.jpg]
[images.squarespace-cdn.com/content/v1/590b8551d2b857ec8b6a8fe6/1528646285091-6T5HZN5LG6OBONLXUFMR/KVIRIKE+WINDOW+exploded+copy.jpg]
[www.indigenousoutsiders.com/kvirike.html]
[images.squarespace-cdn.com/content/v1/590b8551d2b857ec8b6a8fe6/1528711022757-SQC3VPA3WD07MQS4R40U/PIRIVELI+MAISI_Site+Plan.jpg]
[images.squarespace-cdn.com/content/v1/590b8551d2b857ec8b6a8fe6/1528711094309-ESBK85210LPWJG1H6F2N/Pirveli+Maisi+Balcony.jpg]
[images.squarespace-cdn.com/content/v1/590b8551d2b857ec8b6a8fe6/1528711052014-MR6C779KR39SK1GTVWHQ/Pirveli+Maisi-Columns.jpg]
[images.squarespace-cdn.com/content/v1/590b8551d2b857ec8b6a8fe6/1518007980360-7LLEKIC7OOSIOTI9PQMF/PIRVELI+MAISI_Exterior.jpg]
[images.squarespace-cdn.com/content/v1/590b8551d2b857ec8b6a8fe6/1528711073685-GXT3MP3KJXBGJGAOI3OQ/PIRIVELI+MAISI_Floorplans+1-200+copy.jpg]
[images.squarespace-cdn.com/content/v1/590b8551d2b857ec8b6a8fe6/1518008038979-ATETFTEPWLVKZILBE6OF/PIRVELI+MAISI_A0.jpg]
[www.indigenousoutsiders.com/pirveli-maisi.html]
[images.squarespace-cdn.com/content/v1/590b8551d2b857ec8b6a8fe6/1528711545992-Z5XBKG5PGTCZ09YW7Q7D/PURTIO_Site+Plan.jpg]
[images.squarespace-cdn.com/content/v1/590b8551d2b857ec8b6a8fe6/1528711567152-Z0URO37EGYCG2OL8B0XW/PURTIO_Mezz+Floor+1-200+copy.jpg]
[images.squarespace-cdn.com/content/v1/590b8551d2b857ec8b6a8fe6/1518005484870-2HZR26BU6VRQT7TP1BEJ/Purtio_Exterior.jpg]
[images.squarespace-cdn.com/content/v1/590b8551d2b857ec8b6a8fe6/1518005567027-V9PC51WBJS9AFYS5D2TX/PURTIO_A0.jpg]
[www.indigenousoutsiders.com/purtio.html]
[images.squarespace-cdn.com/content/v1/590b8551d2b857ec8b6a8fe6/1528712682651-J0O0XMO3P7VII6MR857I/ZUNDAGI_Site+Plan.jpg]
[images.squarespace-cdn.com/content/v1/590b8551d2b857ec8b6a8fe6/1518010538937-4LUD3ISD83IYDBSUXCYF/ZUNDAGI_Exterior.jpg]
[images.squarespace-cdn.com/content/v1/590b8551d2b857ec8b6a8fe6/1518010598700-KPCU5TOV7NASJ606C93N/ZUNDAGI_+A0.jpg]
[images.squarespace-cdn.com/content/v1/590b8551d2b857ec8b6a8fe6/1528712707468-6YFOGQLC1BV43WDN1WG4/ZUNDAGI_Floorplans+1-200+copy.jpg]
[images.squarespace-cdn.com/content/v1/590b8551d2b857ec8b6a8fe6/1518010653413-LHVX9T0XGV7BG3FE4OL8/DSC_0044.jpg]
[www.indigenousoutsiders.com/zundaga.html]
[images.squarespace-cdn.com/content/v1/590b8551d2b857ec8b6a8fe6/1518612523169-DZR25GXZCFUZH2GHTA0X/DSC_0886.jpg]
[images.squarespace-cdn.com/content/v1/590b8551d2b857ec8b6a8fe6/1518612490632-8CFN86LEQVYLB5JDXXRO/CHAO_Exterior.jpg]
[images.squarespace-cdn.com/content/v1/590b8551d2b857ec8b6a8fe6/1528219801619-NIJWIK7TU28EVA075ZEB/AGARA_Floorplans+1-200+copy.jpg]
[images.squarespace-cdn.com/content/v1/590b8551d2b857ec8b6a8fe6/1518612565196-4VQHL2VHVMRXDIJTHDYI/DSC_0874.jpg]
[images.squarespace-cdn.com/content/v1/590b8551d2b857ec8b6a8fe6/1518612579518-W4LQ9DGU9PAB83UQSTUC/DSC_0882.jpg]
[images.squarespace-cdn.com/content/v1/590b8551d2b857ec8b6a8fe6/1528015466003-3T8652C4O8QM1BRGALER/image-asset.jpg]
[www.indigenousoutsiders.com/agara.html]
[images.squarespace-cdn.com/content/v1/590b8551d2b857ec8b6a8fe6/1525624973792-YADJLEEJ9NXWAH15HP6J/DSC_1339.jpg]
[images.squarespace-cdn.com/content/v1/590b8551d2b857ec8b6a8fe6/1528222541591-72T81V6OBIJPFLGD6AMB/BZUBZU_Floorplans+1-200.jpg]
[images.squarespace-cdn.com/content/v1/590b8551d2b857ec8b6a8fe6/1525625996864-85H991L6XQBTTEG44YB6/IMG_2556.jpg]
[images.squarespace-cdn.com/content/v1/590b8551d2b857ec8b6a8fe6/1525625914617-CAV1ANAQBOR0FHOLHUI8/DSC_1309.jpg]
[images.squarespace-cdn.com/content/v1/590b8551d2b857ec8b6a8fe6/1525625045460-D2GTJSJVD11EW1JBMSJ1/DSC_1294.jpg]
[www.indigenousoutsiders.com/bzubzu.html]
[images.squarespace-cdn.com/content/v1/590b8551d2b857ec8b6a8fe6/1525626410984-QE1GYF4W6AR8VF3L8AYP/Gegelidzeebi_exterior+web.jpg]
[images.squarespace-cdn.com/content/v1/590b8551d2b857ec8b6a8fe6/1525626791885-JKPO7WSX59GE6YRA7947/DSC_0603.jpg]
[images.squarespace-cdn.com/content/v1/590b8551d2b857ec8b6a8fe6/1525626751813-KY8TQF2HSD7CX6M9X7W8/DSC_8958.jpg]
[images.squarespace-cdn.com/content/v1/590b8551d2b857ec8b6a8fe6/1525626649983-30JW62R9F5SXF6E4HOQ0/AKHO_+MINBAR+MODEL+2+copy.jpg]
[images.squarespace-cdn.com/content/v1/590b8551d2b857ec8b6a8fe6/1528644222403-6CPYB9DCBF1YILOYECGQ/Gegelidzeebi+Floorplans.jpg]
[images.squarespace-cdn.com/content/v1/590b8551d2b857ec8b6a8fe6/1525626695544-REIIGBK3F5MPG05PEV0X/DSC_8977.jpg]
[www.indigenousoutsiders.com/gegelidzeebi.html]
[images.squarespace-cdn.com/content/v1/590b8551d2b857ec8b6a8fe6/1525627592773-A6ITLJCTXBN0YHYG05YB/Goginauri_Interior+web.jpg]
[images.squarespace-cdn.com/content/v1/590b8551d2b857ec8b6a8fe6/1528645242374-IIUKO7LK0Z2K4RCCTNE1/Goginauri+Plans.jpg]
[images.squarespace-cdn.com/content/v1/590b8551d2b857ec8b6a8fe6/1525626924301-3DCMBR4671VB6EGKKCWZ/IMG_0454.jpg]
[images.squarespace-cdn.com/content/v1/590b8551d2b857ec8b6a8fe6/1525627033742-YF2S1FF6LINJFUIM22PQ/DSC_8587.jpg]
[images.squarespace-cdn.com/content/v1/590b8551d2b857ec8b6a8fe6/1525627060625-PRAYL63ZDX8573A8L0IW/DSC_8596.jpg]
[images.squarespace-cdn.com/content/v1/590b8551d2b857ec8b6a8fe6/1525627382179-5POAN30SE5RLQ0ILQLIT/IMG_0512.jpg]
[www.indigenousoutsiders.com/goginauri.html]
[images.squarespace-cdn.com/content/v1/590b8551d2b857ec8b6a8fe6/1528645607510-NY97YXRVO2XA2DAXZTC1/Khohkna+Site+Plan.jpg]
[images.squarespace-cdn.com/content/v1/590b8551d2b857ec8b6a8fe6/1518609697190-IBKZ51LXGZDYRGYKX1YW/DSC_1440.jpg]
[images.squarespace-cdn.com/content/v1/590b8551d2b857ec8b6a8fe6/1518610824941-AYJKASBNSMWDQKFC2COC/DSC_1452.jpg]
[images.squarespace-cdn.com/content/v1/590b8551d2b857ec8b6a8fe6/1528645629542-9FN95U8Y12HAVSW4RHOI/Khokhna+Floorplans.jpg]
[images.squarespace-cdn.com/content/v1/590b8551d2b857ec8b6a8fe6/1518610589356-7XGQW8ADQ9AC7OWYWX7N/DSC_0335.jpg]
[images.squarespace-cdn.com/content/v1/590b8551d2b857ec8b6a8fe6/1518611022728-XUR2CDQCOVD8UAKL7L4O/DSC_1426.jpg]
[www.indigenousoutsiders.com/kokhna.html]
[images.squarespace-cdn.com/content/v1/590b8551d2b857ec8b6a8fe6/1525628414036-GO9E7NZ55ARS5J3VE3RT/DSC_0424.jpg]
[images.squarespace-cdn.com/content/v1/590b8551d2b857ec8b6a8fe6/1528710247711-N8C1I5RPB8P8857JRGSM/Makhalakidzeebi+Floorplans.jpg]
[images.squarespace-cdn.com/content/v1/590b8551d2b857ec8b6a8fe6/1525628451833-94SVV6ZGGPYKMEGOW40G/DSC_0298.jpg]
[images.squarespace-cdn.com/content/v1/590b8551d2b857ec8b6a8fe6/1525628476420-WOGADZ38EM0K1GCMLSUS/DSC_0320.jpg]
[images.squarespace-cdn.com/content/v1/590b8551d2b857ec8b6a8fe6/1525628646887-JOEMYD58NKKZXDYBP46N/DSC_0380.jpg]
[images.squarespace-cdn.com/content/v1/590b8551d2b857ec8b6a8fe6/1525628685290-I2KIK8PFKALSLH4126GW/DSC_0402.jpg]
[www.indigenousoutsiders.com/makhalakidzeebi.html]
[images.squarespace-cdn.com/content/v1/590b8551d2b857ec8b6a8fe6/1528014147692-C2TNY596QRDF2Q43WRD5/DSC_0783.jpg]
[images.squarespace-cdn.com/content/v1/590b8551d2b857ec8b6a8fe6/1528711783457-MX801E66TUPULNWB71MT/Tago+Floorplans.jpg]
[images.squarespace-cdn.com/content/v1/590b8551d2b857ec8b6a8fe6/1528014104059-UAQXQC97LKFQ63T7AFG8/Tago+exterior.jpg]
[images.squarespace-cdn.com/content/v1/590b8551d2b857ec8b6a8fe6/1528014209035-BE00M4SKTRAD2Q9HJHMS/Tago+2.jpg]
[www.indigenousoutsiders.com/tago.html]
[images.squarespace-cdn.com/content/v1/590b8551d2b857ec8b6a8fe6/1528014654538-0RJ93QHKWDK816H0UF56/Tskmorisi+4.jpg]
[images.squarespace-cdn.com/content/v1/590b8551d2b857ec8b6a8fe6/1528014470557-9B7V6MT5RNWWTE1KOLD2/IMG_1191.jpg]
[images.squarespace-cdn.com/content/v1/590b8551d2b857ec8b6a8fe6/1528712007637-CWRLTRNPAL8TFWSXZH2I/Tskhmorisi+Floorplans.jpg]
[images.squarespace-cdn.com/content/v1/590b8551d2b857ec8b6a8fe6/1528014538857-O2PXXH6NGYAARI6SD193/DSC_1440.jpg]
[images.squarespace-cdn.com/content/v1/590b8551d2b857ec8b6a8fe6/1528014573771-CF3QD6GY3FNHYT370CKT/DSC_0703.jpg]
[images.squarespace-cdn.com/content/v1/590b8551d2b857ec8b6a8fe6/1528014603675-YKUY25IAFVOG34QWQ59W/DSC_0700.jpg]
[images.squarespace-cdn.com/content/v1/590b8551d2b857ec8b6a8fe6/1528014689814-V4GDZBP5WVUAGCO7UPQY/DSC_9021.jpg]
[www.indigenousoutsiders.com/tskhmorisi.html]
[images.squarespace-cdn.com/content/v1/590b8551d2b857ec8b6a8fe6/1528014859102-LHPLJGGIJ8HOD5L3DTPL/Uckhiti_Exterior.jpg]
[images.squarespace-cdn.com/content/v1/590b8551d2b857ec8b6a8fe6/1528014914806-ECDR00FXE7O9WMOVG27Y/DSC_1440.jpg]
[images.squarespace-cdn.com/content/v1/590b8551d2b857ec8b6a8fe6/1528712188430-LEJC5G2P34RUD0TPM6G3/UCKHITI_Floorplans+1-200+copy.jpg]
[images.squarespace-cdn.com/content/v1/590b8551d2b857ec8b6a8fe6/1528015406707-H30L8OO2R1O3HTB97AJG/image-asset.jpg]
[www.indigenousoutsiders.com/uchheti.html]
[images.squarespace-cdn.com/content/v1/590b8551d2b857ec8b6a8fe6/1528218804306-DFAC1Y2YC9QQNJDWQDNR/DSC_0062.jpg]
[images.squarespace-cdn.com/content/v1/590b8551d2b857ec8b6a8fe6/1528218869775-44G6P70FFZ6G74MX4S4I/DSC_1440.jpg]
[images.squarespace-cdn.com/content/v1/590b8551d2b857ec8b6a8fe6/1528218908163-EYULOJX69O7VWGJ7IMJI/Zeda_Dome.jpg]
[images.squarespace-cdn.com/content/v1/590b8551d2b857ec8b6a8fe6/1528712432208-4BBY54UHQGEG99TI2N43/Zeda+Tkhilvana+Floorplan.jpg]
[www.indigenousoutsiders.com/zeda-tkhilvana.html]
[images.squarespace-cdn.com/content/v1/590b8551d2b857ec8b6a8fe6/1528219842361-PYDFYXOWQL8NE8A4H2QR/AGARA_Floorplans+1-200+copy.jpg]
[images.squarespace-cdn.com/content/v1/590b8551d2b857ec8b6a8fe6/1528015527761-YVFIZUN4JZY51WJUV7RA/image-asset.jpg]
[www.indigenousoutsiders.com/-agara.html]
[images.squarespace-cdn.com/content/v1/590b8551d2b857ec8b6a8fe6/1528221784609-P4G8VTEN0CLTM63VAPQ4/AKHO_Drone.jpg]
[images.squarespace-cdn.com/content/v1/590b8551d2b857ec8b6a8fe6/1528221862925-E05FR87SFJW9UJT4VJMX/AKHO_+Door+Model+copy.jpg]
[images.squarespace-cdn.com/content/v1/590b8551d2b857ec8b6a8fe6/1528222258154-TB8CQHNQEWGZW5TN6Y8L/AKHO_+MINBAR+MODEL+2.jpg]
[images.squarespace-cdn.com/content/v1/590b8551d2b857ec8b6a8fe6/1528222282262-T38B1UH7EE7MPU05EHNT/AKHO_+MINBAR+MODEL+copy.jpg]
[images.squarespace-cdn.com/content/v1/590b8551d2b857ec8b6a8fe6/1528222067184-O0DUXG98JLTVJO9EC1OE/AKHO_Floor+Plans.jpg]
[www.indigenousoutsiders.com/-akho.html]
[images.squarespace-cdn.com/content/v1/590b8551d2b857ec8b6a8fe6/1528642751133-9UV7I8VPRG51S0MY0SR7/BEGHLETI_Site+plan+1-200.jpg]
[images.squarespace-cdn.com/content/v1/590b8551d2b857ec8b6a8fe6/1528642772207-RMMJLYOME8WYK0A0CFMV/BEGHLETI_Floorplans+1-200+copy.jpg]
[images.squarespace-cdn.com/content/v1/590b8551d2b857ec8b6a8fe6/1528642785935-6K3CPM3GK7QF5YBNO8OT/BEGHLETI_+minaret+comparison.jpg]
[images.squarespace-cdn.com/content/v1/590b8551d2b857ec8b6a8fe6/1528642799966-7SDQDCGDXOFXPZD404CA/BEGHLETI+3D+copy.jpg]
[www.indigenousoutsiders.com/beghleti-1.html]
[images.squarespace-cdn.com/content/v1/590b8551d2b857ec8b6a8fe6/1528222584170-RBMST1V9XB2AJZ9NHJ74/BZUBZU_Floorplans+1-200.jpg]
[www.indigenousoutsiders.com/bzubzu-1.html]
[images.squarespace-cdn.com/content/v1/590b8551d2b857ec8b6a8fe6/1528643624017-EKHD8CPSFEV7VN3D47HI/CHAO_Site+Plan.jpg]
[images.squarespace-cdn.com/content/v1/590b8551d2b857ec8b6a8fe6/1528643648190-YX2FO5OQNTV222TUXDWH/CHAO+DOME+MODEL+copy.jpg]
[images.squarespace-cdn.com/content/v1/590b8551d2b857ec8b6a8fe6/1528643665477-O1JJUAZQ5KPBZIKD2NL4/CHAO_Floorplans+1-200+copy.jpg]
[www.indigenousoutsiders.com/-chao.html]
[images.squarespace-cdn.com/content/v1/590b8551d2b857ec8b6a8fe6/1528223313460-8KU41NDMOPPDAFB2065B/Chvana_Drone.jpg]
[images.squarespace-cdn.com/content/v1/590b8551d2b857ec8b6a8fe6/1528643948242-6ZO6QZI50ESKFJXVKCCR/CHVANA_Floorplans+1-200+copy.jpg]
[www.indigenousoutsiders.com/-chvana.html]
[images.squarespace-cdn.com/content/v1/590b8551d2b857ec8b6a8fe6/1528223809040-U1E3EQI3YG78TIJJEFB5/Dghvani+Drone.jpg]
[images.squarespace-cdn.com/content/v1/590b8551d2b857ec8b6a8fe6/1528223832052-Z3JZUYOD2UYL5JXGQNWV/Dghvani_Floorplans.jpg]
[www.indigenousoutsiders.com/-dghvani.html]
[images.squarespace-cdn.com/content/v1/590b8551d2b857ec8b6a8fe6/1528644255067-54PB22SHNZNXXKUPBCRJ/Gegelidzeebi+Floorplans.jpg]
[www.indigenousoutsiders.com/-gegelidzeebi.html]
[images.squarespace-cdn.com/content/v1/590b8551d2b857ec8b6a8fe6/1528645058822-A5MRIPB5V9XJHSN10GVC/Ghorjomi_Site+Plan.jpg]
[images.squarespace-cdn.com/content/v1/590b8551d2b857ec8b6a8fe6/1528645082209-IA9DBRQJ7HPMA6DTB1S1/Ghorjomi_Ground+Floor+1-200+copy.jpg]
[images.squarespace-cdn.com/content/v1/590b8551d2b857ec8b6a8fe6/1528645107493-J6YR9U6C319PZC5Q8TG3/GHORJOMI+DOMES+copy.jpg]
[www.indigenousoutsiders.com/-ghorjomi.html]
[images.squarespace-cdn.com/content/v1/590b8551d2b857ec8b6a8fe6/1528645264600-Q7E7Z4V8GZMF2QBIVM17/GOGINAURI_Floorplans+1-200.jpg]
[www.indigenousoutsiders.com/-goginauri.html]
[images.squarespace-cdn.com/content/v1/590b8551d2b857ec8b6a8fe6/1528645681584-9OTL8BAWB8C7TMWQESX2/KHOKHNA_Site+plan.jpg]
[images.squarespace-cdn.com/content/v1/590b8551d2b857ec8b6a8fe6/1528645702554-Z36KQ208V4YCPGLIN27L/Khokhna+Floorplans.jpg]
[www.indigenousoutsiders.com/khokhna.html]
[images.squarespace-cdn.com/content/v1/590b8551d2b857ec8b6a8fe6/1528646331882-XT58953PXD7IQSJ2Q0NQ/KVIRIKE_Site+Plan.jpg]
[images.squarespace-cdn.com/content/v1/590b8551d2b857ec8b6a8fe6/1528710038760-1YGM38GO4TF2G59M7IJ3/KVIRIKE_Floorplans+1-200+copy.jpg]
[images.squarespace-cdn.com/content/v1/590b8551d2b857ec8b6a8fe6/1528646375227-4HDL7E1GWOOAOFOBF90I/KVIRIKE+Columns+copy.jpg]
[images.squarespace-cdn.com/content/v1/590b8551d2b857ec8b6a8fe6/1528646403234-1Z6MVROYXVM9NU909DPR/KVIRIKE+WINDOW+exploded+copy.jpg]
[www.indigenousoutsiders.com/-kvirike.html]
[images.squarespace-cdn.com/content/v1/590b8551d2b857ec8b6a8fe6/1528710306456-Y89YYPLQYERBMNP0J1O2/Makhalakidzeebi+Floorplans.jpg]
[www.indigenousoutsiders.com/makhalakidzeebi-1.html]
[images.squarespace-cdn.com/content/v1/590b8551d2b857ec8b6a8fe6/1528711202835-TX0FQLP5A0SBDN7MOEYJ/PIRIVELI+MAISI_Site+Plan.jpg]
[images.squarespace-cdn.com/content/v1/590b8551d2b857ec8b6a8fe6/1528711248611-UEQ3XHLXDG89UGX34OSA/Pirveli+Maisi+Balcony.jpg]
[images.squarespace-cdn.com/content/v1/590b8551d2b857ec8b6a8fe6/1528711229679-B6IDVVF3OJPBVILX3DUG/Pirveli+Maisi-Columns.jpg]
[images.squarespace-cdn.com/content/v1/590b8551d2b857ec8b6a8fe6/1528711272032-VB8E3LIPKJZV1PWK9PZL/PIRIVELI+MAISI_Floorplans+1-200+copy.jpg]
[www.indigenousoutsiders.com/-pirveli-maisi.html]
[images.squarespace-cdn.com/content/v1/590b8551d2b857ec8b6a8fe6/1528711608266-4KV7GKAL8VQKU2TAU3EP/PURTIO_Site+Plan.jpg]
[www.indigenousoutsiders.com/purtio-1.html]
[images.squarespace-cdn.com/content/v1/590b8551d2b857ec8b6a8fe6/1528711630926-8VHLS5WPLMPOEF7AG8R0/PURTIO_Mezz+Floor+1-200+copy.jpg]
[images.squarespace-cdn.com/content/v1/590b8551d2b857ec8b6a8fe6/1528711880957-3OO79PFA92J8SPG740DB/Tago+Floorplans.jpg]
[www.indigenousoutsiders.com/tago-1.html]
[images.squarespace-cdn.com/content/v1/590b8551d2b857ec8b6a8fe6/1528712058738-41MRII2QGYR1Z2QKXAPX/image-asset.jpg]
[www.indigenousoutsiders.com/tskhmorisi-1.html]
[images.squarespace-cdn.com/content/v1/590b8551d2b857ec8b6a8fe6/1528712270718-AR1IKSRQR52FNG8AWSBD/Uchkhiti+Floorplans.jpg]
[www.indigenousoutsiders.com/uchheti-1.html]
[images.squarespace-cdn.com/content/v1/590b8551d2b857ec8b6a8fe6/1528712497030-KMR97YAUDUCS7VY03QJ1/Zeda+Tkhilvana+Floorplan.jpg]
[www.indigenousoutsiders.com/zeda-tkhilvana-1.html]
[images.squarespace-cdn.com/content/v1/590b8551d2b857ec8b6a8fe6/1528712755157-XD07NSJ8GFNXZHKDXZ5D/ZUNDAGI_Site+Plan.jpg]
[images.squarespace-cdn.com/content/v1/590b8551d2b857ec8b6a8fe6/1528712779643-BZ42Q6F32UH5L4415TGL/ZUNDAGI_Floorplans+1-200+copy.jpg]
[www.indigenousoutsiders.com/-zundagi.html]
[www.indigenousoutsiders.com/contact-us-form.html]
[www.indigenousoutsiders.com/_/cdn.embedly.com/widgets/media6cce.html]
[www.indigenousoutsiders.com/_/cdn.embedly.com/widgets/media36de.html]
[www.indigenousoutsiders.com/_/cdn.embedly.com/widgets/media77f6.html]
[www.indigenousoutsiders.com/_/cdn.embedly.com/widgets/media07c9.html]
[www.indigenousoutsiders.com/_/cdn.embedly.com/widgets/mediaa8cb.html]
[www.indigenousoutsiders.com/_/cdn.embedly.com/widgets/mediad346.html]
[www.indigenousoutsiders.com/_/cdn.embedly.com/widgets/mediaf2ed.html]
[www.indigenousoutsiders.com/_/cdn.embedly.com/widgets/media359b.html]
[www.indigenousoutsiders.com/_/cdn.embedly.com/widgets/mediab5aa.html]
[www.indigenousoutsiders.com/_/cdn.embedly.com/widgets/mediaba6b.html]
[www.indigenousoutsiders.com/_/cdn.embedly.com/widgets/media03d8.html]
[www.indigenousoutsiders.com/_/cdn.embedly.com/widgets/mediae499.html]
[www.indigenousoutsiders.com/chao-1.html]
[www.indigenousoutsiders.com/_/cdn.embedly.com/widgets/media36da.html]
[www.indigenousoutsiders.com/_/cdn.embedly.com/widgets/media64ec.html]
[www.indigenousoutsiders.com/_/cdn.embedly.com/widgets/media680c.html]
[www.indigenousoutsiders.com/_/cdn.embedly.com/widgets/mediae06e.html]
[www.indigenousoutsiders.com/_/cdn.embedly.com/widgets/media615a.html]
